This is pdfTeX, Version 3.14159265-2.6-1.40.20 (TeX Live 2019/Debian) (preloaded format=pdflatex 2020.6.8)  14 APR 2021 19:13
entering extended mode
 restricted \write18 enabled.
 %&-line parsing enabled.
**./images.tex
(./images.tex
LaTeX2e <2020-02-02> patch level 2
L3 programming layer <2020-02-14>
(/usr/share/texlive/texmf-dist/tex/latex/base/article.cls
Document Class: article 2019/12/20 v1.4l Standard LaTeX document class
(/usr/share/texlive/texmf-dist/tex/latex/base/size11.clo
File: size11.clo 2019/12/20 v1.4l Standard LaTeX file (size option)
)
\c@part=\count167
\c@section=\count168
\c@subsection=\count169
\c@subsubsection=\count170
\c@paragraph=\count171
\c@subparagraph=\count172
\c@figure=\count173
\c@table=\count174
\abovecaptionskip=\skip47
\belowcaptionskip=\skip48
\bibindent=\dimen134
) (/usr/share/texlive/texmf-dist/tex/latex/base/ifthen.sty
Package: ifthen 2014/09/29 v1.1c Standard LaTeX ifthen package (DPC)
) (/usr/share/texlive/texmf-dist/tex/latex/amsmath/amsmath.sty
Package: amsmath 2020/01/20 v2.17e AMS math features
\@mathmargin=\skip49
For additional information on amsmath, use the `?' option.
(/usr/share/texlive/texmf-dist/tex/latex/amsmath/amstext.sty
Package: amstext 2000/06/29 v2.01 AMS text
(/usr/share/texlive/texmf-dist/tex/latex/amsmath/amsgen.sty
File: amsgen.sty 1999/11/30 v2.0 generic functions
\@emptytoks=\toks14
\ex@=\dimen135
)) (/usr/share/texlive/texmf-dist/tex/latex/amsmath/amsbsy.sty
Package: amsbsy 1999/11/29 v1.2d Bold Symbols
\pmbraise@=\dimen136
) (/usr/share/texlive/texmf-dist/tex/latex/amsmath/amsopn.sty
Package: amsopn 2016/03/08 v2.02 operator names
)
\inf@bad=\count175
LaTeX Info: Redefining \frac on input line 227.
\uproot@=\count176
\leftroot@=\count177
LaTeX Info: Redefining \overline on input line 389.
\classnum@=\count178
\DOTSCASE@=\count179
LaTeX Info: Redefining \ldots on input line 486.
LaTeX Info: Redefining \dots on input line 489.
LaTeX Info: Redefining \cdots on input line 610.
\Mathstrutbox@=\box45
\strutbox@=\box46
\big@size=\dimen137
LaTeX Font Info:    Redeclaring font encoding OML on input line 733.
LaTeX Font Info:    Redeclaring font encoding OMS on input line 734.
\macc@depth=\count180
\c@MaxMatrixCols=\count181
\dotsspace@=\muskip16
\c@parentequation=\count182
\dspbrk@lvl=\count183
\tag@help=\toks15
\row@=\count184
\column@=\count185
\maxfields@=\count186
\andhelp@=\toks16
\eqnshift@=\dimen138
\alignsep@=\dimen139
\tagshift@=\dimen140
\tagwidth@=\dimen141
\totwidth@=\dimen142
\lineht@=\dimen143
\@envbody=\toks17
\multlinegap=\skip50
\multlinetaggap=\skip51
\mathdisplay@stack=\toks18
LaTeX Info: Redefining \[ on input line 2859.
LaTeX Info: Redefining \] on input line 2860.
) (/usr/share/texlive/texmf-dist/tex/latex/esint/esint.sty
Package: esint 
\symlargesymbolsA=\mathgroup4
) (/usr/share/texlive/texmf-dist/tex/latex/bbold/bbold.sty
Package: bbold 1994/04/06 Bbold symbol package
) (/usr/share/texlive/texmf-dist/tex/latex/xcolor/xcolor.sty
Package: xcolor 2016/05/11 v2.12 LaTeX color extensions (UK)
(/usr/share/texlive/texmf-dist/tex/latex/graphics-cfg/color.cfg
File: color.cfg 2016/01/02 v1.6 sample color configuration
)
Package xcolor Info: Driver file: pdftex.def on input line 225.
(/usr/share/texlive/texmf-dist/tex/latex/graphics-def/pdftex.def
File: pdftex.def 2018/01/08 v1.0l Graphics/color driver for pdftex
)
Package xcolor Info: Model `cmy' substituted by `cmy0' on input line 1348.
Package xcolor Info: Model `hsb' substituted by `rgb' on input line 1352.
Package xcolor Info: Model `RGB' extended on input line 1364.
Package xcolor Info: Model `HTML' substituted by `rgb' on input line 1366.
Package xcolor Info: Model `Hsb' substituted by `hsb' on input line 1367.
Package xcolor Info: Model `tHsb' substituted by `hsb' on input line 1368.
Package xcolor Info: Model `HSB' substituted by `hsb' on input line 1369.
Package xcolor Info: Model `Gray' substituted by `gray' on input line 1370.
Package xcolor Info: Model `wave' substituted by `hsb' on input line 1371.
) (/usr/share/texlive/texmf-dist/tex/latex/base/inputenc.sty
Package: inputenc 2018/08/11 v1.3c Input encoding file
\inpenc@prehook=\toks19
\inpenc@posthook=\toks20
)
\sizebox=\box47
\lthtmlwrite=\write3
(/usr/share/texmf/tex/latex/preview/preview.sty
Package: preview 2017/04/24 11.91 (AUCTeX/preview-latex)
(/usr/share/texlive/texmf-dist/tex/generic/luatex85/luatex85.sty
Package: luatex85 2016/06/15 v1.4 pdftex aliases for luatex
) (/usr/share/texmf/tex/latex/preview/prtightpage.def
\PreviewBorder=\dimen144
)
\pr@snippet=\count187
\pr@box=\box48
\pr@output=\toks21
)
\lthtmlPageBox=\box49
\lthtmlCropMarkHeight=\dimen145
\lthtmlCropMarkDepth=\dimen146
(/usr/share/texlive/texmf-dist/tex/latex/l3backend/l3backend-pdfmode.def
File: l3backend-pdfmode.def 2020-02-03 L3 backend support: PDF mode
\l__kernel_color_stack_int=\count188
\l__pdf_internal_box=\box50
)

LaTeX Warning: Unused global option(s):
    [article].

(./images.aux)
\openout1 = `images.aux'.

LaTeX Font Info:    Checking defaults for OML/cmm/m/it on input line 131.
LaTeX Font Info:    ... okay on input line 131.
LaTeX Font Info:    Checking defaults for OMS/cmsy/m/n on input line 131.
LaTeX Font Info:    ... okay on input line 131.
LaTeX Font Info:    Checking defaults for OT1/cmr/m/n on input line 131.
LaTeX Font Info:    ... okay on input line 131.
LaTeX Font Info:    Checking defaults for T1/cmr/m/n on input line 131.
LaTeX Font Info:    ... okay on input line 131.
LaTeX Font Info:    Checking defaults for TS1/cmr/m/n on input line 131.
LaTeX Font Info:    ... okay on input line 131.
LaTeX Font Info:    Checking defaults for OMX/cmex/m/n on input line 131.
LaTeX Font Info:    ... okay on input line 131.
LaTeX Font Info:    Checking defaults for U/cmr/m/n on input line 131.
LaTeX Font Info:    ... okay on input line 131.
(/usr/share/texlive/texmf-dist/tex/context/base/mkii/supp-pdf.mkii
[Loading MPS to PDF converter (version 2006.09.02).]
\scratchcounter=\count189
\scratchdimen=\dimen147
\scratchbox=\box51
\nofMPsegments=\count190
\nofMParguments=\count191
\everyMPshowfont=\toks22
\MPscratchCnt=\count192
\MPscratchDim=\dimen148
\MPnumerator=\count193
\makeMPintoPDFobject=\count194
\everyMPtoPDFconversion=\toks23
)
Preview: Fontsize 10.95pt
Preview: PDFoutput 1

latex2htmlLength hsize=349.0pt

latex2htmlLength vsize=629.40024pt

latex2htmlLength hoffset=0.0pt

latex2htmlLength voffset=0.0pt

latex2htmlLength topmargin=0.0pt

latex2htmlLength topskip=0.00003pt

latex2htmlLength headheight=0.0pt

latex2htmlLength headsep=0.0pt

latex2htmlLength parskip=0.0pt plus 1.0pt

latex2htmlLength oddsidemargin=54.0pt

latex2htmlLength evensidemargin=54.0pt

LaTeX Font Info:    Trying to load font information for U+esint on input line 1
57.
(/usr/share/texlive/texmf-dist/tex/latex/esint/uesint.fd
File: uesint.fd 
)

:tex2html_wrap_indisplay2145:lthtmlCropMarkHeight:=23.29317pt

:tex2html_wrap_indisplay2145:lthtmlCropMarkDepth:=9.9293pt:1ex:=4.71457pt
Preview: Tightpage -32891 -32891 32891 32891
[1{/var/lib/texmf/fonts/map/pdftex/updmap/pdftex.map}]

:tex2html_wrap_indisplay2146:lthtmlCropMarkHeight:=12.3875pt

:tex2html_wrap_indisplay2146:lthtmlCropMarkDepth:=0.9125pt:1ex:=4.71457pt
[2]

:tex2html_wrap_indisplay2147:lthtmlCropMarkHeight:=23.29317pt

:tex2html_wrap_indisplay2147:lthtmlCropMarkDepth:=10.40265pt:1ex:=4.71457pt
[3]

:tex2html_wrap_indisplay2148:lthtmlCropMarkHeight:=23.29317pt

:tex2html_wrap_indisplay2148:lthtmlCropMarkDepth:=10.40265pt:1ex:=4.71457pt
[4]

:tex2html_wrap_indisplay2149:lthtmlCropMarkHeight:=24.2665pt

:tex2html_wrap_indisplay2149:lthtmlCropMarkDepth:=10.90265pt:1ex:=4.71457pt
[5]

:tex2html_wrap_indisplay2150:lthtmlCropMarkHeight:=23.29317pt

:tex2html_wrap_indisplay2150:lthtmlCropMarkDepth:=10.40265pt:1ex:=4.71457pt
[6]

:tex2html_wrap_indisplay2151:lthtmlCropMarkHeight:=24.4119pt

:tex2html_wrap_indisplay2151:lthtmlCropMarkDepth:=10.91115pt:1ex:=4.71457pt
[7]

:tex2html_wrap_inline2153:lthtmlCropMarkHeight:=14.2125pt

:tex2html_wrap_inline2153:lthtmlCropMarkDepth:=2.73749pt:1ex:=4.71457pt
[8]

:tex2html_wrap_inline2155:lthtmlCropMarkHeight:=14.2125pt

:tex2html_wrap_inline2155:lthtmlCropMarkDepth:=2.73749pt:1ex:=4.71457pt
[9]

:tex2html_wrap_indisplay2156:lthtmlCropMarkHeight:=14.2125pt

:tex2html_wrap_indisplay2156:lthtmlCropMarkDepth:=2.73749pt:1ex:=4.71457pt
[10]

:tex2html_wrap_indisplay2157:lthtmlCropMarkHeight:=21.0119pt

:tex2html_wrap_indisplay2157:lthtmlCropMarkDepth:=7.51115pt:1ex:=4.71457pt
[11]

:tex2html_wrap_indisplay2158:lthtmlCropMarkHeight:=20.4644pt

:tex2html_wrap_indisplay2158:lthtmlCropMarkDepth:=7.51115pt:1ex:=4.71457pt
[12]

:tex2html_wrap_indisplay2159:lthtmlCropMarkHeight:=13.60416pt

:tex2html_wrap_indisplay2159:lthtmlCropMarkDepth:=1.64249pt:1ex:=4.71457pt
[13]

:tex2html_wrap_indisplay2160:lthtmlCropMarkHeight:=13.60416pt

:tex2html_wrap_indisplay2160:lthtmlCropMarkDepth:=2.12917pt:1ex:=4.71457pt
[14]

:tex2html_wrap_indisplay2161:lthtmlCropMarkHeight:=13.60416pt

:tex2html_wrap_indisplay2161:lthtmlCropMarkDepth:=2.12917pt:1ex:=4.71457pt
[15]

:tex2html_wrap_indisplay2162:lthtmlCropMarkHeight:=13.31305pt

:tex2html_wrap_indisplay2162:lthtmlCropMarkDepth:=2.12917pt:1ex:=4.71457pt
[16]

:tex2html_wrap_indisplay2163:lthtmlCropMarkHeight:=13.31305pt

:tex2html_wrap_indisplay2163:lthtmlCropMarkDepth:=2.12917pt:1ex:=4.71457pt
[17]

:tex2html_wrap_indisplay2164:lthtmlCropMarkHeight:=25.02023pt

:tex2html_wrap_indisplay2164:lthtmlCropMarkDepth:=12.55363pt:1ex:=4.71457pt
[18]

:tex2html_wrap_inline2166:lthtmlCropMarkHeight:=10.71457pt

:tex2html_wrap_inline2166:lthtmlCropMarkDepth:=2.12917pt:1ex:=4.71457pt
[19]

:tex2html_wrap_indisplay2167:lthtmlCropMarkHeight:=14.2125pt

:tex2html_wrap_indisplay2167:lthtmlCropMarkDepth:=2.73749pt:1ex:=4.71457pt
[20]

:tex2html_wrap_inline2169:lthtmlCropMarkHeight:=15.86691pt

:tex2html_wrap_inline2169:lthtmlCropMarkDepth:=5.33156pt:1ex:=4.71457pt
[21]

:tex2html_wrap_inline2171:lthtmlCropMarkHeight:=15.86691pt

:tex2html_wrap_inline2171:lthtmlCropMarkDepth:=5.33156pt:1ex:=4.71457pt
[22]

:tex2html_wrap_inline2173:lthtmlCropMarkHeight:=15.86691pt

:tex2html_wrap_inline2173:lthtmlCropMarkDepth:=3.776pt:1ex:=4.71457pt
[23]

:tex2html_wrap_indisplay2174:lthtmlCropMarkHeight:=21.0119pt

:tex2html_wrap_indisplay2174:lthtmlCropMarkDepth:=9.64032pt:1ex:=4.71457pt
[24]

:tex2html_wrap_indisplay2175:lthtmlCropMarkHeight:=21.0119pt

:tex2html_wrap_indisplay2175:lthtmlCropMarkDepth:=7.51115pt:1ex:=4.71457pt
[25]

:tex2html_wrap_indisplay2176:lthtmlCropMarkHeight:=20.90428pt

:tex2html_wrap_indisplay2176:lthtmlCropMarkDepth:=9.4293pt:1ex:=4.71457pt
[26]

:tex2html_wrap_indisplay2177:lthtmlCropMarkHeight:=20.90428pt

:tex2html_wrap_indisplay2177:lthtmlCropMarkDepth:=9.4293pt:1ex:=4.71457pt
[27]

:tex2html_wrap_indisplay2178:lthtmlCropMarkHeight:=15.67673pt

:tex2html_wrap_indisplay2178:lthtmlCropMarkDepth:=3.33946pt:1ex:=4.71457pt
[28]

:tex2html_wrap_inline2180:lthtmlCropMarkHeight:=15.12923pt

:tex2html_wrap_inline2180:lthtmlCropMarkDepth:=0.0pt:1ex:=4.71457pt
[29]

:tex2html_wrap_inline2182:lthtmlCropMarkHeight:=15.46692pt

:tex2html_wrap_inline2182:lthtmlCropMarkDepth:=3.776pt:1ex:=4.71457pt
[30]

:tex2html_wrap_inline2184:lthtmlCropMarkHeight:=15.46692pt

:tex2html_wrap_inline2184:lthtmlCropMarkDepth:=3.776pt:1ex:=4.71457pt
[31]

:tex2html_wrap_inline2186:lthtmlCropMarkHeight:=17.00134pt

:tex2html_wrap_inline2186:lthtmlCropMarkDepth:=3.776pt:1ex:=4.71457pt
[32]

:tex2html_wrap_inline2190:lthtmlCropMarkHeight:=15.46692pt

:tex2html_wrap_inline2190:lthtmlCropMarkDepth:=3.776pt:1ex:=4.71457pt
[33]

:tex2html_wrap_indisplay2191:lthtmlCropMarkHeight:=25.27759pt

:tex2html_wrap_indisplay2191:lthtmlCropMarkDepth:=14.30261pt:1ex:=4.71457pt
[34]

:tex2html_wrap_indisplay2192:lthtmlCropMarkHeight:=21.8776pt

:tex2html_wrap_indisplay2192:lthtmlCropMarkDepth:=10.90262pt:1ex:=4.71457pt
[35]

:tex2html_wrap_indisplay2193:lthtmlCropMarkHeight:=18.12231pt

:tex2html_wrap_indisplay2193:lthtmlCropMarkDepth:=7.51115pt:1ex:=4.71457pt
[36]

:tex2html_wrap_indisplay2194:lthtmlCropMarkHeight:=21.0119pt

:tex2html_wrap_indisplay2194:lthtmlCropMarkDepth:=7.51115pt:1ex:=4.71457pt
[37]

:tex2html_wrap_indisplay2195:lthtmlCropMarkHeight:=17.77165pt

:tex2html_wrap_indisplay2195:lthtmlCropMarkDepth:=3.13586pt:1ex:=4.71457pt
[38]

:tex2html_wrap_indisplay2196:lthtmlCropMarkHeight:=21.17165pt

:tex2html_wrap_indisplay2196:lthtmlCropMarkDepth:=6.66899pt:1ex:=4.71457pt
[39]

:tex2html_wrap_inline2198:lthtmlCropMarkHeight:=13.48248pt

:tex2html_wrap_inline2198:lthtmlCropMarkDepth:=0.0pt:1ex:=4.71457pt
[40]

:tex2html_wrap_inline2200:lthtmlCropMarkHeight:=13.60416pt

:tex2html_wrap_inline2200:lthtmlCropMarkDepth:=0.0pt:1ex:=4.71457pt
[41]

:tex2html_wrap_inline2202:lthtmlCropMarkHeight:=10.71457pt

:tex2html_wrap_inline2202:lthtmlCropMarkDepth:=0.0pt:1ex:=4.71457pt
[42]

:tex2html_wrap_inline2204:lthtmlCropMarkHeight:=14.41812pt

:tex2html_wrap_inline2204:lthtmlCropMarkDepth:=2.12917pt:1ex:=4.71457pt
[43]

:tex2html_wrap_inline2206:lthtmlCropMarkHeight:=14.41812pt

:tex2html_wrap_inline2206:lthtmlCropMarkDepth:=2.12917pt:1ex:=4.71457pt
[44]

:tex2html_wrap_inline2208:lthtmlCropMarkHeight:=13.60416pt

:tex2html_wrap_inline2208:lthtmlCropMarkDepth:=2.12917pt:1ex:=4.71457pt
[45]

:tex2html_wrap_inline2210:lthtmlCropMarkHeight:=14.41812pt

:tex2html_wrap_inline2210:lthtmlCropMarkDepth:=0.0pt:1ex:=4.71457pt
[46]

:tex2html_wrap_inline2212:lthtmlCropMarkHeight:=10.71457pt

:tex2html_wrap_inline2212:lthtmlCropMarkDepth:=2.12917pt:1ex:=4.71457pt
[47]

:tex2html_wrap_indisplay2213:lthtmlCropMarkHeight:=19.60263pt

:tex2html_wrap_indisplay2213:lthtmlCropMarkDepth:=5.52916pt:1ex:=4.71457pt
[48]

:tex2html_wrap_indisplay2214:lthtmlCropMarkHeight:=19.60263pt

:tex2html_wrap_indisplay2214:lthtmlCropMarkDepth:=5.52916pt:1ex:=4.71457pt
[49]

:tex2html_wrap_indisplay2215:lthtmlCropMarkHeight:=17.00415pt

:tex2html_wrap_indisplay2215:lthtmlCropMarkDepth:=5.52916pt:1ex:=4.71457pt
[50]

:tex2html_wrap_inline2217:lthtmlCropMarkHeight:=13.60416pt

:tex2html_wrap_inline2217:lthtmlCropMarkDepth:=2.12917pt:1ex:=4.71457pt
[51]

:tex2html_wrap_inline2219:lthtmlCropMarkHeight:=16.20264pt

:tex2html_wrap_inline2219:lthtmlCropMarkDepth:=2.12917pt:1ex:=4.71457pt
[52]

:tex2html_wrap_indisplay2220:lthtmlCropMarkHeight:=21.8776pt

:tex2html_wrap_indisplay2220:lthtmlCropMarkDepth:=10.40262pt:1ex:=4.71457pt
[53]

:tex2html_wrap_indisplay2221:lthtmlCropMarkHeight:=13.60416pt

:tex2html_wrap_indisplay2221:lthtmlCropMarkDepth:=0.0pt:1ex:=4.71457pt
[54]

:tex2html_wrap_indisplay2222:lthtmlCropMarkHeight:=13.60416pt

:tex2html_wrap_indisplay2222:lthtmlCropMarkDepth:=0.0pt:1ex:=4.71457pt
[55]

:tex2html_wrap_indisplay2223:lthtmlCropMarkHeight:=13.51291pt

:tex2html_wrap_indisplay2223:lthtmlCropMarkDepth:=0.0pt:1ex:=4.71457pt
[56]

:tex2html_wrap_indisplay2224:lthtmlCropMarkHeight:=20.4644pt

:tex2html_wrap_indisplay2224:lthtmlCropMarkDepth:=7.51115pt:1ex:=4.71457pt
[57]

:tex2html_wrap_indisplay2225:lthtmlCropMarkHeight:=20.4644pt

:tex2html_wrap_indisplay2225:lthtmlCropMarkDepth:=7.51115pt:1ex:=4.71457pt
[58]

:tex2html_wrap_indisplay2226:lthtmlCropMarkHeight:=19.07672pt

:tex2html_wrap_indisplay2226:lthtmlCropMarkDepth:=5.52916pt:1ex:=4.71457pt
[59]

:tex2html_wrap_indisplay2227:lthtmlCropMarkHeight:=17.00415pt

:tex2html_wrap_indisplay2227:lthtmlCropMarkDepth:=5.52916pt:1ex:=4.71457pt
[60]

:tex2html_wrap_indisplay2228:lthtmlCropMarkHeight:=13.48248pt

:tex2html_wrap_indisplay2228:lthtmlCropMarkDepth:=2.12917pt:1ex:=4.71457pt
[61]

:tex2html_wrap_indisplay2229:lthtmlCropMarkHeight:=20.90428pt

:tex2html_wrap_indisplay2229:lthtmlCropMarkDepth:=9.4293pt:1ex:=4.71457pt
[62]

:tex2html_wrap_indisplay2230:lthtmlCropMarkHeight:=20.90428pt

:tex2html_wrap_indisplay2230:lthtmlCropMarkDepth:=9.4293pt:1ex:=4.71457pt
[63]

:tex2html_wrap_indisplay2231:lthtmlCropMarkHeight:=14.2125pt

:tex2html_wrap_indisplay2231:lthtmlCropMarkDepth:=2.73749pt:1ex:=4.71457pt
[64]

:tex2html_wrap_indisplay2232:lthtmlCropMarkHeight:=21.0119pt

:tex2html_wrap_indisplay2232:lthtmlCropMarkDepth:=7.51115pt:1ex:=4.71457pt
[65]

:tex2html_wrap_indisplay2233:lthtmlCropMarkHeight:=21.0119pt

:tex2html_wrap_indisplay2233:lthtmlCropMarkDepth:=7.51115pt:1ex:=4.71457pt
[66]

:tex2html_wrap_indisplay2234:lthtmlCropMarkHeight:=14.96562pt

:tex2html_wrap_indisplay2234:lthtmlCropMarkDepth:=2.73749pt:1ex:=4.71457pt
[67]

:tex2html_wrap_indisplay2235:lthtmlCropMarkHeight:=25.22586pt

:tex2html_wrap_indisplay2235:lthtmlCropMarkDepth:=13.58344pt:1ex:=4.71457pt
[68]

:tex2html_wrap_indisplay2236:lthtmlCropMarkHeight:=27.02579pt

:tex2html_wrap_indisplay2236:lthtmlCropMarkDepth:=12.49245pt:1ex:=4.71457pt
[69]

:tex2html_wrap_indisplay2237:lthtmlCropMarkHeight:=23.8665pt

:tex2html_wrap_indisplay2237:lthtmlCropMarkDepth:=10.40265pt:1ex:=4.71457pt
[70]

:tex2html_wrap_indisplay2238:lthtmlCropMarkHeight:=22.53697pt

:tex2html_wrap_indisplay2238:lthtmlCropMarkDepth:=8.42366pt:1ex:=4.71457pt
[71]

:tex2html_wrap_inline2240:lthtmlCropMarkHeight:=10.01727pt

:tex2html_wrap_inline2240:lthtmlCropMarkDepth:=0.0pt:1ex:=4.71457pt
[72]

:tex2html_wrap_inline2242:lthtmlCropMarkHeight:=13.60416pt

:tex2html_wrap_inline2242:lthtmlCropMarkDepth:=0.0pt:1ex:=4.71457pt
[73]

:tex2html_wrap_inline2248:lthtmlCropMarkHeight:=13.60416pt

:tex2html_wrap_inline2248:lthtmlCropMarkDepth:=0.0pt:1ex:=4.71457pt
[74]

:tex2html_wrap_indisplay2250:lthtmlCropMarkHeight:=20.90428pt

:tex2html_wrap_indisplay2250:lthtmlCropMarkDepth:=9.9293pt:1ex:=4.71457pt
[75]

:tex2html_wrap_indisplay2251:lthtmlCropMarkHeight:=22.53697pt

:tex2html_wrap_indisplay2251:lthtmlCropMarkDepth:=9.4293pt:1ex:=4.71457pt
[76]

:tex2html_wrap_indisplay2252:lthtmlCropMarkHeight:=20.4644pt

:tex2html_wrap_indisplay2252:lthtmlCropMarkDepth:=9.64032pt:1ex:=4.71457pt
[77]

:tex2html_wrap_indisplay2253:lthtmlCropMarkHeight:=21.0119pt

:tex2html_wrap_indisplay2253:lthtmlCropMarkDepth:=7.51115pt:1ex:=4.71457pt
[78]

:tex2html_wrap_indisplay2254:lthtmlCropMarkHeight:=13.9656pt

:tex2html_wrap_indisplay2254:lthtmlCropMarkDepth:=3.19804pt:1ex:=4.71457pt
[79]

:tex2html_wrap_indisplay2255:lthtmlCropMarkHeight:=13.9656pt

:tex2html_wrap_indisplay2255:lthtmlCropMarkDepth:=3.19804pt:1ex:=4.71457pt
[80]

:tex2html_wrap_indisplay2256:lthtmlCropMarkHeight:=20.4644pt

:tex2html_wrap_indisplay2256:lthtmlCropMarkDepth:=7.51115pt:1ex:=4.71457pt
[81]

:tex2html_wrap_indisplay2257:lthtmlCropMarkHeight:=15.67673pt

:tex2html_wrap_indisplay2257:lthtmlCropMarkDepth:=2.73749pt:1ex:=4.71457pt
[82]

:tex2html_wrap_indisplay2258:lthtmlCropMarkHeight:=20.90428pt

:tex2html_wrap_indisplay2258:lthtmlCropMarkDepth:=9.4293pt:1ex:=4.71457pt
[83]

:tex2html_wrap_indisplay2259:lthtmlCropMarkHeight:=20.90428pt

:tex2html_wrap_indisplay2259:lthtmlCropMarkDepth:=9.4293pt:1ex:=4.71457pt
[84]

:tex2html_wrap_indisplay2260:lthtmlCropMarkHeight:=20.92065pt

:tex2html_wrap_indisplay2260:lthtmlCropMarkDepth:=7.51115pt:1ex:=4.71457pt
[85]

:tex2html_wrap_indisplay2261:lthtmlCropMarkHeight:=20.89023pt

:tex2html_wrap_indisplay2261:lthtmlCropMarkDepth:=7.51115pt:1ex:=4.71457pt
[86]

:tex2html_wrap_indisplay2262:lthtmlCropMarkHeight:=21.0119pt

:tex2html_wrap_indisplay2262:lthtmlCropMarkDepth:=7.51115pt:1ex:=4.71457pt
[87]

:tex2html_wrap_indisplay2263:lthtmlCropMarkHeight:=19.79524pt

:tex2html_wrap_indisplay2263:lthtmlCropMarkDepth:=9.64032pt:1ex:=4.71457pt
[88]

:tex2html_wrap_indisplay2264:lthtmlCropMarkHeight:=21.82587pt

:tex2html_wrap_indisplay2264:lthtmlCropMarkDepth:=9.64032pt:1ex:=4.71457pt
[89]

:tex2html_wrap_indisplay2265:lthtmlCropMarkHeight:=17.49754pt

:tex2html_wrap_indisplay2265:lthtmlCropMarkDepth:=14.23128pt:1ex:=4.71457pt
[90]

:tex2html_wrap_indisplay2266:lthtmlCropMarkHeight:=13.60416pt

:tex2html_wrap_indisplay2266:lthtmlCropMarkDepth:=2.12917pt:1ex:=4.71457pt
[91]

:tex2html_wrap_indisplay2267:lthtmlCropMarkHeight:=15.67673pt

:tex2html_wrap_indisplay2267:lthtmlCropMarkDepth:=0.0pt:1ex:=4.71457pt
[92]

:tex2html_wrap_indisplay2268:lthtmlCropMarkHeight:=13.51291pt

:tex2html_wrap_indisplay2268:lthtmlCropMarkDepth:=0.9125pt:1ex:=4.71457pt
[93]

:tex2html_wrap_indisplay2269:lthtmlCropMarkHeight:=13.51291pt

:tex2html_wrap_indisplay2269:lthtmlCropMarkDepth:=2.12917pt:1ex:=4.71457pt
[94]

:tex2html_wrap_indisplay2270:lthtmlCropMarkHeight:=10.71457pt

:tex2html_wrap_indisplay2270:lthtmlCropMarkDepth:=0.0pt:1ex:=4.71457pt
[95]

:tex2html_wrap_indisplay2271:lthtmlCropMarkHeight:=20.90428pt

:tex2html_wrap_indisplay2271:lthtmlCropMarkDepth:=9.4293pt:1ex:=4.71457pt
[96]

:tex2html_wrap_indisplay2272:lthtmlCropMarkHeight:=13.60416pt

:tex2html_wrap_indisplay2272:lthtmlCropMarkDepth:=2.12917pt:1ex:=4.71457pt
[97]

:tex2html_wrap_indisplay2273:lthtmlCropMarkHeight:=24.30428pt

:tex2html_wrap_indisplay2273:lthtmlCropMarkDepth:=12.8293pt:1ex:=4.71457pt
[98]

:tex2html_wrap_indisplay2274:lthtmlCropMarkHeight:=24.30428pt

:tex2html_wrap_indisplay2274:lthtmlCropMarkDepth:=12.8293pt:1ex:=4.71457pt
[99]

:tex2html_wrap_indisplay2275:lthtmlCropMarkHeight:=23.53809pt

:tex2html_wrap_indisplay2275:lthtmlCropMarkDepth:=9.9293pt:1ex:=4.71457pt
[100]

:tex2html_wrap_indisplay2276:lthtmlCropMarkHeight:=17.29643pt

:tex2html_wrap_indisplay2276:lthtmlCropMarkDepth:=3.83257pt:1ex:=4.71457pt
[101]

:tex2html_wrap_indisplay2278:lthtmlCropMarkHeight:=22.93697pt

:tex2html_wrap_indisplay2278:lthtmlCropMarkDepth:=7.51115pt:1ex:=4.71457pt
[102]

:tex2html_wrap_indisplay2279:lthtmlCropMarkHeight:=22.53697pt

:tex2html_wrap_indisplay2279:lthtmlCropMarkDepth:=7.51115pt:1ex:=4.71457pt
[103]

:tex2html_wrap_indisplay2280:lthtmlCropMarkHeight:=22.53697pt

:tex2html_wrap_indisplay2280:lthtmlCropMarkDepth:=9.4293pt:1ex:=4.71457pt
[104]

:tex2html_wrap_indisplay2281:lthtmlCropMarkHeight:=21.0119pt

:tex2html_wrap_indisplay2281:lthtmlCropMarkDepth:=9.4293pt:1ex:=4.71457pt
[105]

:tex2html_wrap_indisplay2282:lthtmlCropMarkHeight:=21.0119pt

:tex2html_wrap_indisplay2282:lthtmlCropMarkDepth:=9.4293pt:1ex:=4.71457pt
[106]

:tex2html_wrap_indisplay2283:lthtmlCropMarkHeight:=21.0119pt

:tex2html_wrap_indisplay2283:lthtmlCropMarkDepth:=9.4293pt:1ex:=4.71457pt
[107]

:tex2html_wrap_indisplay2284:lthtmlCropMarkHeight:=20.90428pt

:tex2html_wrap_indisplay2284:lthtmlCropMarkDepth:=14.23128pt:1ex:=4.71457pt
[108]

:tex2html_wrap_indisplay2285:lthtmlCropMarkHeight:=21.0119pt

:tex2html_wrap_indisplay2285:lthtmlCropMarkDepth:=9.15364pt:1ex:=4.71457pt
[109]

:tex2html_wrap_indisplay2286:lthtmlCropMarkHeight:=13.51291pt

:tex2html_wrap_indisplay2286:lthtmlCropMarkDepth:=0.42812pt:1ex:=4.71457pt
[110]

:tex2html_wrap_indisplay2287:lthtmlCropMarkHeight:=20.4644pt

:tex2html_wrap_indisplay2287:lthtmlCropMarkDepth:=9.15364pt:1ex:=4.71457pt
[111]

:tex2html_wrap_indisplay2288:lthtmlCropMarkHeight:=16.20264pt

:tex2html_wrap_indisplay2288:lthtmlCropMarkDepth:=2.12917pt:1ex:=4.71457pt
[112]

:tex2html_wrap_indisplay2289:lthtmlCropMarkHeight:=13.48248pt

:tex2html_wrap_indisplay2289:lthtmlCropMarkDepth:=2.12917pt:1ex:=4.71457pt
[113]

:tex2html_wrap_indisplay2290:lthtmlCropMarkHeight:=14.2125pt

:tex2html_wrap_indisplay2290:lthtmlCropMarkDepth:=2.73749pt:1ex:=4.71457pt
[114]

:tex2html_wrap_indisplay2291:lthtmlCropMarkHeight:=13.51291pt

:tex2html_wrap_indisplay2291:lthtmlCropMarkDepth:=1.64249pt:1ex:=4.71457pt
[115]

:tex2html_wrap_indisplay2292:lthtmlCropMarkHeight:=22.53697pt

:tex2html_wrap_indisplay2292:lthtmlCropMarkDepth:=7.51115pt:1ex:=4.71457pt
[116]

:tex2html_wrap_indisplay2293:lthtmlCropMarkHeight:=21.0119pt

:tex2html_wrap_indisplay2293:lthtmlCropMarkDepth:=9.4293pt:1ex:=4.71457pt
[117]

:tex2html_wrap_indisplay2294:lthtmlCropMarkHeight:=21.0119pt

:tex2html_wrap_indisplay2294:lthtmlCropMarkDepth:=9.4293pt:1ex:=4.71457pt
[118]

:tex2html_wrap_inline2296:lthtmlCropMarkHeight:=10.71457pt

:tex2html_wrap_inline2296:lthtmlCropMarkDepth:=0.0pt:1ex:=4.71457pt
[119]

:tex2html_wrap_indisplay2297:lthtmlCropMarkHeight:=20.90428pt

:tex2html_wrap_indisplay2297:lthtmlCropMarkDepth:=9.4293pt:1ex:=4.71457pt
[120]

:tex2html_wrap_indisplay2298:lthtmlCropMarkHeight:=18.12231pt

:tex2html_wrap_indisplay2298:lthtmlCropMarkDepth:=9.15364pt:1ex:=4.71457pt
[121]

:tex2html_wrap_inline2302:lthtmlCropMarkHeight:=15.14473pt

:tex2html_wrap_inline2302:lthtmlCropMarkDepth:=4.06392pt:1ex:=4.71457pt
[122]

:tex2html_wrap_inline2304:lthtmlCropMarkHeight:=13.51291pt

:tex2html_wrap_inline2304:lthtmlCropMarkDepth:=0.0pt:1ex:=4.71457pt
[123]

:tex2html_wrap_inline2306:lthtmlCropMarkHeight:=21.87761pt

:tex2html_wrap_inline2306:lthtmlCropMarkDepth:=10.40265pt:1ex:=4.71457pt
[124]

:tex2html_wrap_inline2308:lthtmlCropMarkHeight:=13.51291pt

:tex2html_wrap_inline2308:lthtmlCropMarkDepth:=0.9125pt:1ex:=4.71457pt
[125]

:tex2html_wrap_inline2310:lthtmlCropMarkHeight:=14.2125pt

:tex2html_wrap_inline2310:lthtmlCropMarkDepth:=2.73749pt:1ex:=4.71457pt
[126]

:tex2html_wrap_inline2312:lthtmlCropMarkHeight:=14.82088pt

:tex2html_wrap_inline2312:lthtmlCropMarkDepth:=3.3459pt:1ex:=4.71457pt
[127]

:tex2html_wrap_inline2314:lthtmlCropMarkHeight:=13.51291pt

:tex2html_wrap_inline2314:lthtmlCropMarkDepth:=0.0pt:1ex:=4.71457pt
[128]

:tex2html_wrap_inline2316:lthtmlCropMarkHeight:=14.2125pt

:tex2html_wrap_inline2316:lthtmlCropMarkDepth:=2.73749pt:1ex:=4.71457pt
[129]

:tex2html_wrap_indisplay2317:lthtmlCropMarkHeight:=20.4644pt

:tex2html_wrap_indisplay2317:lthtmlCropMarkDepth:=7.51115pt:1ex:=4.71457pt
[130]

:tex2html_wrap_indisplay2318:lthtmlCropMarkHeight:=20.4644pt

:tex2html_wrap_indisplay2318:lthtmlCropMarkDepth:=9.64032pt:1ex:=4.71457pt
[131]

:tex2html_wrap_indisplay2319:lthtmlCropMarkHeight:=22.53697pt

:tex2html_wrap_indisplay2319:lthtmlCropMarkDepth:=7.51115pt:1ex:=4.71457pt
[132]

:tex2html_wrap_indisplay2320:lthtmlCropMarkHeight:=13.48248pt

:tex2html_wrap_indisplay2320:lthtmlCropMarkDepth:=2.12917pt:1ex:=4.71457pt
[133]

:tex2html_wrap_indisplay2321:lthtmlCropMarkHeight:=21.0119pt

:tex2html_wrap_indisplay2321:lthtmlCropMarkDepth:=7.51115pt:1ex:=4.71457pt
[134]

:tex2html_wrap_indisplay2322:lthtmlCropMarkHeight:=23.8644pt

:tex2html_wrap_indisplay2322:lthtmlCropMarkDepth:=10.91115pt:1ex:=4.71457pt
[135]

:tex2html_wrap_indisplay2323:lthtmlCropMarkHeight:=16.08096pt

:tex2html_wrap_indisplay2323:lthtmlCropMarkDepth:=2.73749pt:1ex:=4.71457pt
[136]

:tex2html_wrap_indisplay2324:lthtmlCropMarkHeight:=16.08096pt

:tex2html_wrap_indisplay2324:lthtmlCropMarkDepth:=0.0pt:1ex:=4.71457pt
[137]

:tex2html_wrap_indisplay2325:lthtmlCropMarkHeight:=21.0119pt

:tex2html_wrap_indisplay2325:lthtmlCropMarkDepth:=7.51115pt:1ex:=4.71457pt
[138]

:tex2html_wrap_indisplay2326:lthtmlCropMarkHeight:=20.90428pt

:tex2html_wrap_indisplay2326:lthtmlCropMarkDepth:=9.4293pt:1ex:=4.71457pt
[139]

:tex2html_wrap_indisplay2327:lthtmlCropMarkHeight:=23.8644pt

:tex2html_wrap_indisplay2327:lthtmlCropMarkDepth:=10.91115pt:1ex:=4.71457pt
[140]

:tex2html_wrap_indisplay2328:lthtmlCropMarkHeight:=20.90428pt

:tex2html_wrap_indisplay2328:lthtmlCropMarkDepth:=9.4293pt:1ex:=4.71457pt
[141]

:tex2html_wrap_indisplay2329:lthtmlCropMarkHeight:=20.90428pt

:tex2html_wrap_indisplay2329:lthtmlCropMarkDepth:=9.64032pt:1ex:=4.71457pt
[142]

:tex2html_wrap_indisplay2330:lthtmlCropMarkHeight:=20.4644pt

:tex2html_wrap_indisplay2330:lthtmlCropMarkDepth:=7.51115pt:1ex:=4.71457pt
[143]

:tex2html_wrap_inline2332:lthtmlCropMarkHeight:=13.60416pt

:tex2html_wrap_inline2332:lthtmlCropMarkDepth:=2.12917pt:1ex:=4.71457pt
[144]

:tex2html_wrap_indisplay2333:lthtmlCropMarkHeight:=13.60416pt

:tex2html_wrap_indisplay2333:lthtmlCropMarkDepth:=2.12917pt:1ex:=4.71457pt
[145]

:tex2html_wrap_indisplay2334:lthtmlCropMarkHeight:=13.60416pt

:tex2html_wrap_indisplay2334:lthtmlCropMarkDepth:=0.9125pt:1ex:=4.71457pt
[146]

:tex2html_wrap_indisplay2335:lthtmlCropMarkHeight:=13.60416pt

:tex2html_wrap_indisplay2335:lthtmlCropMarkDepth:=0.0pt:1ex:=4.71457pt
[147]

:tex2html_wrap_indisplay2336:lthtmlCropMarkHeight:=13.60416pt

:tex2html_wrap_indisplay2336:lthtmlCropMarkDepth:=0.0pt:1ex:=4.71457pt
[148]

:tex2html_wrap_indisplay2337:lthtmlCropMarkHeight:=20.92065pt

:tex2html_wrap_indisplay2337:lthtmlCropMarkDepth:=7.51115pt:1ex:=4.71457pt
[149]

:tex2html_wrap_indisplay2338:lthtmlCropMarkHeight:=13.60416pt

:tex2html_wrap_indisplay2338:lthtmlCropMarkDepth:=1.64249pt:1ex:=4.71457pt
[150]

:tex2html_wrap_indisplay2339:lthtmlCropMarkHeight:=15.67673pt

:tex2html_wrap_indisplay2339:lthtmlCropMarkDepth:=1.64249pt:1ex:=4.71457pt
[151]

:tex2html_wrap_indisplay2340:lthtmlCropMarkHeight:=14.96562pt

:tex2html_wrap_indisplay2340:lthtmlCropMarkDepth:=0.0pt:1ex:=4.71457pt
[152]

:tex2html_wrap_indisplay2342:lthtmlCropMarkHeight:=16.07672pt

:tex2html_wrap_indisplay2342:lthtmlCropMarkDepth:=2.73749pt:1ex:=4.71457pt
[153]
LaTeX Font Info:    Trying to load font information for U+bbold on input line 1
077.
(/usr/share/texlive/texmf-dist/tex/latex/bbold/Ubbold.fd)

:tex2html_wrap_indisplay2343:lthtmlCropMarkHeight:=15.67673pt

:tex2html_wrap_indisplay2343:lthtmlCropMarkDepth:=0.0pt:1ex:=4.71457pt
[154]

:tex2html_wrap_indisplay2344:lthtmlCropMarkHeight:=16.07672pt

:tex2html_wrap_indisplay2344:lthtmlCropMarkDepth:=0.0pt:1ex:=4.71457pt
[155]

:tex2html_wrap_indisplay2346:lthtmlCropMarkHeight:=24.32637pt

:tex2html_wrap_indisplay2346:lthtmlCropMarkDepth:=10.8625pt:1ex:=4.71457pt
[156]

:tex2html_wrap_indisplay2347:lthtmlCropMarkHeight:=22.33748pt

:tex2html_wrap_indisplay2347:lthtmlCropMarkDepth:=10.8625pt:1ex:=4.71457pt
[157]

:tex2html_wrap_indisplay2348:lthtmlCropMarkHeight:=22.33748pt

:tex2html_wrap_indisplay2348:lthtmlCropMarkDepth:=10.8625pt:1ex:=4.71457pt
[158]

:tex2html_wrap_indisplay2349:lthtmlCropMarkHeight:=22.33748pt

:tex2html_wrap_indisplay2349:lthtmlCropMarkDepth:=10.8625pt:1ex:=4.71457pt
[159]

:tex2html_wrap_indisplay2350:lthtmlCropMarkHeight:=13.60416pt

:tex2html_wrap_indisplay2350:lthtmlCropMarkDepth:=3.19804pt:1ex:=4.71457pt
[160]

:tex2html_wrap_indisplay2351:lthtmlCropMarkHeight:=13.22179pt

:tex2html_wrap_indisplay2351:lthtmlCropMarkDepth:=3.19804pt:1ex:=4.71457pt
[161]

:tex2html_wrap_indisplay2352:lthtmlCropMarkHeight:=15.67673pt

:tex2html_wrap_indisplay2352:lthtmlCropMarkDepth:=2.70702pt:1ex:=4.71457pt
[162]

:tex2html_wrap_indisplay2353:lthtmlCropMarkHeight:=13.60416pt

:tex2html_wrap_indisplay2353:lthtmlCropMarkDepth:=3.19804pt:1ex:=4.71457pt
[163]

:tex2html_wrap_indisplay2354:lthtmlCropMarkHeight:=17.49754pt

:tex2html_wrap_indisplay2354:lthtmlCropMarkDepth:=14.23128pt:1ex:=4.71457pt
[164]

:tex2html_wrap_indisplay2355:lthtmlCropMarkHeight:=14.2125pt

:tex2html_wrap_indisplay2355:lthtmlCropMarkDepth:=2.73749pt:1ex:=4.71457pt
[165]

:tex2html_wrap_indisplay2356:lthtmlCropMarkHeight:=14.2125pt

:tex2html_wrap_indisplay2356:lthtmlCropMarkDepth:=2.73749pt:1ex:=4.71457pt
[166]

:tex2html_wrap_indisplay2357:lthtmlCropMarkHeight:=10.71457pt

:tex2html_wrap_indisplay2357:lthtmlCropMarkDepth:=2.12917pt:1ex:=4.71457pt
[167]

:tex2html_wrap_indisplay2358:lthtmlCropMarkHeight:=15.67673pt

:tex2html_wrap_indisplay2358:lthtmlCropMarkDepth:=2.73749pt:1ex:=4.71457pt
[168]

:tex2html_wrap_indisplay2359:lthtmlCropMarkHeight:=20.4644pt

:tex2html_wrap_indisplay2359:lthtmlCropMarkDepth:=7.51115pt:1ex:=4.71457pt
[169]

:tex2html_wrap_indisplay2360:lthtmlCropMarkHeight:=16.07672pt

:tex2html_wrap_indisplay2360:lthtmlCropMarkDepth:=2.73749pt:1ex:=4.71457pt
[170]

:tex2html_wrap_indisplay2361:lthtmlCropMarkHeight:=15.29758pt

:tex2html_wrap_indisplay2361:lthtmlCropMarkDepth:=2.7375pt:1ex:=4.71457pt
[171]

:tex2html_wrap_indisplay2362:lthtmlCropMarkHeight:=16.07672pt

:tex2html_wrap_indisplay2362:lthtmlCropMarkDepth:=2.7375pt:1ex:=4.71457pt
[172]

:tex2html_wrap_indisplay2363:lthtmlCropMarkHeight:=16.07672pt

:tex2html_wrap_indisplay2363:lthtmlCropMarkDepth:=2.7375pt:1ex:=4.71457pt
[173]

:tex2html_wrap_indisplay2364:lthtmlCropMarkHeight:=24.22697pt

:tex2html_wrap_indisplay2364:lthtmlCropMarkDepth:=14.09814pt:1ex:=4.71457pt
[174]

:tex2html_wrap_indisplay2365:lthtmlCropMarkHeight:=23.8644pt

:tex2html_wrap_indisplay2365:lthtmlCropMarkDepth:=12.2866pt:1ex:=4.71457pt
[175]

:tex2html_wrap_indisplay2366:lthtmlCropMarkHeight:=22.53697pt

:tex2html_wrap_indisplay2366:lthtmlCropMarkDepth:=9.64032pt:1ex:=4.71457pt
[176]

:tex2html_wrap_indisplay2367:lthtmlCropMarkHeight:=17.29643pt

:tex2html_wrap_indisplay2367:lthtmlCropMarkDepth:=3.83258pt:1ex:=4.71457pt
[177]

:tex2html_wrap_indisplay2368:lthtmlCropMarkHeight:=16.07672pt

:tex2html_wrap_indisplay2368:lthtmlCropMarkDepth:=0.9125pt:1ex:=4.71457pt
[178]

:tex2html_wrap_indisplay2369:lthtmlCropMarkHeight:=16.52116pt

:tex2html_wrap_indisplay2369:lthtmlCropMarkDepth:=0.9125pt:1ex:=4.71457pt
[179]

:tex2html_wrap_indisplay2370:lthtmlCropMarkHeight:=21.0119pt

:tex2html_wrap_indisplay2370:lthtmlCropMarkDepth:=9.64032pt:1ex:=4.71457pt
[180]

:tex2html_wrap_indisplay2371:lthtmlCropMarkHeight:=23.8644pt

:tex2html_wrap_indisplay2371:lthtmlCropMarkDepth:=14.11159pt:1ex:=4.71457pt
[181]

:tex2html_wrap_indisplay2372:lthtmlCropMarkHeight:=14.2125pt

:tex2html_wrap_indisplay2372:lthtmlCropMarkDepth:=3.33946pt:1ex:=4.71457pt
[182]

:tex2html_wrap_indisplay2373:lthtmlCropMarkHeight:=15.67673pt

:tex2html_wrap_indisplay2373:lthtmlCropMarkDepth:=2.73749pt:1ex:=4.71457pt
[183]

:tex2html_wrap_indisplay2374:lthtmlCropMarkHeight:=14.2125pt

:tex2html_wrap_indisplay2374:lthtmlCropMarkDepth:=3.19804pt:1ex:=4.71457pt
[184]

:tex2html_wrap_indisplay2375:lthtmlCropMarkHeight:=14.2125pt

:tex2html_wrap_indisplay2375:lthtmlCropMarkDepth:=2.73749pt:1ex:=4.71457pt
[185]

:tex2html_wrap_indisplay2376:lthtmlCropMarkHeight:=15.67673pt

:tex2html_wrap_indisplay2376:lthtmlCropMarkDepth:=2.7375pt:1ex:=4.71457pt
[186]

:tex2html_wrap_indisplay2377:lthtmlCropMarkHeight:=14.21248pt

:tex2html_wrap_indisplay2377:lthtmlCropMarkDepth:=2.7375pt:1ex:=4.71457pt
[187]

:tex2html_wrap_indisplay2378:lthtmlCropMarkHeight:=16.77286pt

:tex2html_wrap_indisplay2378:lthtmlCropMarkDepth:=2.80525pt:1ex:=4.71457pt
[188]

:tex2html_wrap_indisplay2379:lthtmlCropMarkHeight:=15.67673pt

:tex2html_wrap_indisplay2379:lthtmlCropMarkDepth:=2.12917pt:1ex:=4.71457pt
[189]

:tex2html_wrap_indisplay2380:lthtmlCropMarkHeight:=15.67673pt

:tex2html_wrap_indisplay2380:lthtmlCropMarkDepth:=2.7375pt:1ex:=4.71457pt
[190]

:tex2html_wrap_indisplay2381:lthtmlCropMarkHeight:=14.96562pt

:tex2html_wrap_indisplay2381:lthtmlCropMarkDepth:=2.7375pt:1ex:=4.71457pt
[191]

:tex2html_wrap_indisplay2382:lthtmlCropMarkHeight:=24.22697pt

:tex2html_wrap_indisplay2382:lthtmlCropMarkDepth:=16.66481pt:1ex:=4.71457pt
[192]

:tex2html_wrap_indisplay2383:lthtmlCropMarkHeight:=24.22697pt

:tex2html_wrap_indisplay2383:lthtmlCropMarkDepth:=16.66481pt:1ex:=4.71457pt
[193]

:tex2html_wrap_indisplay2384:lthtmlCropMarkHeight:=20.4644pt

:tex2html_wrap_indisplay2384:lthtmlCropMarkDepth:=9.15364pt:1ex:=4.71457pt
[194]

:tex2html_wrap_indisplay2385:lthtmlCropMarkHeight:=21.18205pt

:tex2html_wrap_indisplay2385:lthtmlCropMarkDepth:=9.9293pt:1ex:=4.71457pt
[195]

:tex2html_wrap_indisplay2386:lthtmlCropMarkHeight:=23.53809pt

:tex2html_wrap_indisplay2386:lthtmlCropMarkDepth:=10.24866pt:1ex:=4.71457pt
[196]

:tex2html_wrap_inline2388:lthtmlCropMarkHeight:=14.41812pt

:tex2html_wrap_inline2388:lthtmlCropMarkDepth:=2.7375pt:1ex:=4.71457pt
[197]

:tex2html_wrap_inline2390:lthtmlCropMarkHeight:=10.71457pt

:tex2html_wrap_inline2390:lthtmlCropMarkDepth:=0.0pt:1ex:=4.71457pt
[198]

:tex2html_wrap_indisplay2391:lthtmlCropMarkHeight:=21.18205pt

:tex2html_wrap_indisplay2391:lthtmlCropMarkDepth:=9.9293pt:1ex:=4.71457pt
[199]

:tex2html_wrap_indisplay2392:lthtmlCropMarkHeight:=21.18205pt

:tex2html_wrap_indisplay2392:lthtmlCropMarkDepth:=10.51768pt:1ex:=4.71457pt
[200]

:tex2html_wrap_indisplay2393:lthtmlCropMarkHeight:=21.0119pt

:tex2html_wrap_indisplay2393:lthtmlCropMarkDepth:=7.51115pt:1ex:=4.71457pt
[201]

:tex2html_wrap_indisplay2394:lthtmlCropMarkHeight:=20.4644pt

:tex2html_wrap_indisplay2394:lthtmlCropMarkDepth:=7.51115pt:1ex:=4.71457pt
[202]

:tex2html_wrap_indisplay2395:lthtmlCropMarkHeight:=21.62022pt

:tex2html_wrap_indisplay2395:lthtmlCropMarkDepth:=10.24864pt:1ex:=4.71457pt
[203]

:tex2html_wrap_indisplay2396:lthtmlCropMarkHeight:=10.71457pt

:tex2html_wrap_indisplay2396:lthtmlCropMarkDepth:=0.0pt:1ex:=4.71457pt
[204]

:tex2html_wrap_indisplay2397:lthtmlCropMarkHeight:=21.0119pt

:tex2html_wrap_indisplay2397:lthtmlCropMarkDepth:=7.51115pt:1ex:=4.71457pt
[205]

:tex2html_wrap_indisplay2399:lthtmlCropMarkHeight:=21.0119pt

:tex2html_wrap_indisplay2399:lthtmlCropMarkDepth:=7.51115pt:1ex:=4.71457pt
[206]

:tex2html_wrap_indisplay2400:lthtmlCropMarkHeight:=21.62022pt

:tex2html_wrap_indisplay2400:lthtmlCropMarkDepth:=13.68758pt:1ex:=4.71457pt
[207]

:tex2html_wrap_indisplay2401:lthtmlCropMarkHeight:=21.0119pt

:tex2html_wrap_indisplay2401:lthtmlCropMarkDepth:=10.24864pt:1ex:=4.71457pt
[208]

:tex2html_wrap_indisplay2402:lthtmlCropMarkHeight:=13.60416pt

:tex2html_wrap_indisplay2402:lthtmlCropMarkDepth:=2.12917pt:1ex:=4.71457pt
[209]

:tex2html_wrap_indisplay2403:lthtmlCropMarkHeight:=14.2125pt

:tex2html_wrap_indisplay2403:lthtmlCropMarkDepth:=2.73749pt:1ex:=4.71457pt
[210]

:tex2html_wrap_indisplay2404:lthtmlCropMarkHeight:=13.48248pt

:tex2html_wrap_indisplay2404:lthtmlCropMarkDepth:=0.0pt:1ex:=4.71457pt
[211]

:tex2html_wrap_inline2406:lthtmlCropMarkHeight:=14.2125pt

:tex2html_wrap_inline2406:lthtmlCropMarkDepth:=3.2375pt:1ex:=4.71457pt
[212]

:tex2html_wrap_inline2408:lthtmlCropMarkHeight:=15.44032pt

:tex2html_wrap_inline2408:lthtmlCropMarkDepth:=3.2375pt:1ex:=4.71457pt
[213]

:tex2html_wrap_inline2410:lthtmlCropMarkHeight:=15.52922pt

:tex2html_wrap_inline2410:lthtmlCropMarkDepth:=1.695pt:1ex:=4.71457pt
[214]

:tex2html_wrap_inline2412:lthtmlCropMarkHeight:=15.52922pt

:tex2html_wrap_inline2412:lthtmlCropMarkDepth:=0.0pt:1ex:=4.71457pt
[215]

:tex2html_wrap_inline2414:lthtmlCropMarkHeight:=15.44032pt

:tex2html_wrap_inline2414:lthtmlCropMarkDepth:=3.2375pt:1ex:=4.71457pt
[216]

:tex2html_wrap_inline2416:lthtmlCropMarkHeight:=15.44032pt

:tex2html_wrap_inline2416:lthtmlCropMarkDepth:=1.695pt:1ex:=4.71457pt
[217]

:tex2html_wrap_inline2418:lthtmlCropMarkHeight:=13.48248pt

:tex2html_wrap_inline2418:lthtmlCropMarkDepth:=1.695pt:1ex:=4.71457pt
[218]

:tex2html_wrap_inline2448:lthtmlCropMarkHeight:=13.48248pt

:tex2html_wrap_inline2448:lthtmlCropMarkDepth:=2.12917pt:1ex:=4.71457pt
[219]

:tex2html_wrap_indisplay2449:lthtmlCropMarkHeight:=20.4644pt

:tex2html_wrap_indisplay2449:lthtmlCropMarkDepth:=7.51115pt:1ex:=4.71457pt
[220]

:tex2html_wrap_indisplay2450:lthtmlCropMarkHeight:=20.90428pt

:tex2html_wrap_indisplay2450:lthtmlCropMarkDepth:=14.23128pt:1ex:=4.71457pt
[221]

:tex2html_wrap_inline2452:lthtmlCropMarkHeight:=13.48248pt

:tex2html_wrap_inline2452:lthtmlCropMarkDepth:=0.0pt:1ex:=4.71457pt
[222]

:tex2html_wrap_indisplay2454:lthtmlCropMarkHeight:=13.60416pt

:tex2html_wrap_indisplay2454:lthtmlCropMarkDepth:=0.0pt:1ex:=4.71457pt
[223]

:tex2html_wrap_indisplay2455:lthtmlCropMarkHeight:=19.47672pt

:tex2html_wrap_indisplay2455:lthtmlCropMarkDepth:=5.52916pt:1ex:=4.71457pt
[224]

:tex2html_wrap_indisplay2456:lthtmlCropMarkHeight:=20.89754pt

:tex2html_wrap_indisplay2456:lthtmlCropMarkDepth:=17.63127pt:1ex:=4.71457pt
[225]

:tex2html_wrap_inline2458:lthtmlCropMarkHeight:=15.46692pt

:tex2html_wrap_inline2458:lthtmlCropMarkDepth:=3.776pt:1ex:=4.71457pt
[226]

:tex2html_wrap_indisplay2459:lthtmlCropMarkHeight:=20.4644pt

:tex2html_wrap_indisplay2459:lthtmlCropMarkDepth:=7.51115pt:1ex:=4.71457pt
[227]

:tex2html_wrap_indisplay2460:lthtmlCropMarkHeight:=20.4644pt

:tex2html_wrap_indisplay2460:lthtmlCropMarkDepth:=7.51115pt:1ex:=4.71457pt
[228]

:tex2html_wrap_indisplay2461:lthtmlCropMarkHeight:=7.15582pt

:tex2html_wrap_indisplay2461:lthtmlCropMarkDepth:=0.0pt:1ex:=4.71457pt
[229]

:tex2html_wrap_indisplay2463:lthtmlCropMarkHeight:=21.0119pt

:tex2html_wrap_indisplay2463:lthtmlCropMarkDepth:=9.4293pt:1ex:=4.71457pt
[230]

:tex2html_wrap_indisplay2464:lthtmlCropMarkHeight:=14.2125pt

:tex2html_wrap_indisplay2464:lthtmlCropMarkDepth:=2.73749pt:1ex:=4.71457pt
[231]

:tex2html_wrap_indisplay2465:lthtmlCropMarkHeight:=17.49754pt

:tex2html_wrap_indisplay2465:lthtmlCropMarkDepth:=14.23128pt:1ex:=4.71457pt
[232]

:tex2html_wrap_indisplay2466:lthtmlCropMarkHeight:=14.2125pt

:tex2html_wrap_indisplay2466:lthtmlCropMarkDepth:=2.73749pt:1ex:=4.71457pt
[233]

:tex2html_wrap_indisplay2467:lthtmlCropMarkHeight:=22.53697pt

:tex2html_wrap_indisplay2467:lthtmlCropMarkDepth:=9.64032pt:1ex:=4.71457pt
[234]

:tex2html_wrap_indisplay2468:lthtmlCropMarkHeight:=21.62024pt

:tex2html_wrap_indisplay2468:lthtmlCropMarkDepth:=7.51115pt:1ex:=4.71457pt
[235]

:tex2html_wrap_indisplay2469:lthtmlCropMarkHeight:=20.4644pt

:tex2html_wrap_indisplay2469:lthtmlCropMarkDepth:=13.68758pt:1ex:=4.71457pt
[236]

:tex2html_wrap_indisplay2470:lthtmlCropMarkHeight:=20.90428pt

:tex2html_wrap_indisplay2470:lthtmlCropMarkDepth:=9.4293pt:1ex:=4.71457pt
[237]

:tex2html_wrap_indisplay2471:lthtmlCropMarkHeight:=14.2125pt

:tex2html_wrap_indisplay2471:lthtmlCropMarkDepth:=2.73749pt:1ex:=4.71457pt
[238]

:tex2html_wrap_indisplay2472:lthtmlCropMarkHeight:=13.60416pt

:tex2html_wrap_indisplay2472:lthtmlCropMarkDepth:=0.0pt:1ex:=4.71457pt
[239]

:tex2html_wrap_indisplay2473:lthtmlCropMarkHeight:=21.0119pt

:tex2html_wrap_indisplay2473:lthtmlCropMarkDepth:=9.64032pt:1ex:=4.71457pt
[240]

:tex2html_wrap_indisplay2474:lthtmlCropMarkHeight:=22.53697pt

:tex2html_wrap_indisplay2474:lthtmlCropMarkDepth:=10.24864pt:1ex:=4.71457pt
[241]

:tex2html_wrap_indisplay2475:lthtmlCropMarkHeight:=22.53697pt

:tex2html_wrap_indisplay2475:lthtmlCropMarkDepth:=10.24864pt:1ex:=4.71457pt
[242]

:tex2html_wrap_indisplay2476:lthtmlCropMarkHeight:=13.60416pt

:tex2html_wrap_indisplay2476:lthtmlCropMarkDepth:=2.12917pt:1ex:=4.71457pt
[243]

:tex2html_wrap_indisplay2477:lthtmlCropMarkHeight:=22.53697pt

:tex2html_wrap_indisplay2477:lthtmlCropMarkDepth:=9.4293pt:1ex:=4.71457pt
[244]

:tex2html_wrap_indisplay2478:lthtmlCropMarkHeight:=25.93697pt

:tex2html_wrap_indisplay2478:lthtmlCropMarkDepth:=13.64864pt:1ex:=4.71457pt
[245]

:tex2html_wrap_indisplay2479:lthtmlCropMarkHeight:=25.93697pt

:tex2html_wrap_indisplay2479:lthtmlCropMarkDepth:=11.78851pt:1ex:=4.71457pt
[246]

:tex2html_wrap_indisplay2480:lthtmlCropMarkHeight:=16.07672pt

:tex2html_wrap_indisplay2480:lthtmlCropMarkDepth:=2.12917pt:1ex:=4.71457pt
[247]

:tex2html_wrap_indisplay2481:lthtmlCropMarkHeight:=24.22697pt

:tex2html_wrap_indisplay2481:lthtmlCropMarkDepth:=14.40924pt:1ex:=4.71457pt
[248]

:tex2html_wrap_indisplay2482:lthtmlCropMarkHeight:=24.4119pt

:tex2html_wrap_indisplay2482:lthtmlCropMarkDepth:=13.04031pt:1ex:=4.71457pt
[249]

:tex2html_wrap_indisplay2484:lthtmlCropMarkHeight:=13.60416pt

:tex2html_wrap_indisplay2484:lthtmlCropMarkDepth:=2.12917pt:1ex:=4.71457pt
[250]

:tex2html_wrap_indisplay2485:lthtmlCropMarkHeight:=13.60416pt

:tex2html_wrap_indisplay2485:lthtmlCropMarkDepth:=2.12917pt:1ex:=4.71457pt
[251]

:tex2html_wrap_indisplay2486:lthtmlCropMarkHeight:=17.00415pt

:tex2html_wrap_indisplay2486:lthtmlCropMarkDepth:=5.52916pt:1ex:=4.71457pt
[252]

:tex2html_wrap_indisplay2487:lthtmlCropMarkHeight:=21.0119pt

:tex2html_wrap_indisplay2487:lthtmlCropMarkDepth:=7.51115pt:1ex:=4.71457pt
[253]

:tex2html_wrap_indisplay2488:lthtmlCropMarkHeight:=21.0119pt

:tex2html_wrap_indisplay2488:lthtmlCropMarkDepth:=7.51115pt:1ex:=4.71457pt
[254]

:tex2html_wrap_indisplay2489:lthtmlCropMarkHeight:=24.4119pt

:tex2html_wrap_indisplay2489:lthtmlCropMarkDepth:=10.91115pt:1ex:=4.71457pt
[255]

:tex2html_wrap_indisplay2490:lthtmlCropMarkHeight:=25.00636pt

:tex2html_wrap_indisplay2490:lthtmlCropMarkDepth:=10.40265pt:1ex:=4.71457pt
[256]

:tex2html_wrap_indisplay2491:lthtmlCropMarkHeight:=24.71094pt

:tex2html_wrap_indisplay2491:lthtmlCropMarkDepth:=10.40265pt:1ex:=4.71457pt
[257]

:tex2html_wrap_indisplay2492:lthtmlCropMarkHeight:=22.84807pt

:tex2html_wrap_indisplay2492:lthtmlCropMarkDepth:=11.56964pt:1ex:=4.71457pt
[258]

:tex2html_wrap_indisplay2493:lthtmlCropMarkHeight:=13.60416pt

:tex2html_wrap_indisplay2493:lthtmlCropMarkDepth:=0.9125pt:1ex:=4.71457pt
[259]

:tex2html_wrap_indisplay2494:lthtmlCropMarkHeight:=21.0119pt

:tex2html_wrap_indisplay2494:lthtmlCropMarkDepth:=7.51115pt:1ex:=4.71457pt
[260]

:tex2html_wrap_inline2496:lthtmlCropMarkHeight:=13.48248pt

:tex2html_wrap_inline2496:lthtmlCropMarkDepth:=3.19804pt:1ex:=4.71457pt
[261]

:tex2html_wrap_inline2498:lthtmlCropMarkHeight:=13.48248pt

:tex2html_wrap_inline2498:lthtmlCropMarkDepth:=1.64249pt:1ex:=4.71457pt
[262]

:tex2html_wrap_inline2500:lthtmlCropMarkHeight:=10.71457pt

:tex2html_wrap_inline2500:lthtmlCropMarkDepth:=3.19804pt:1ex:=4.71457pt
[263]

:tex2html_wrap_inline2502:lthtmlCropMarkHeight:=13.60416pt

:tex2html_wrap_inline2502:lthtmlCropMarkDepth:=1.695pt:1ex:=4.71457pt
[264]

:tex2html_wrap_inline2504:lthtmlCropMarkHeight:=15.86691pt

:tex2html_wrap_inline2504:lthtmlCropMarkDepth:=4.33258pt:1ex:=4.71457pt
[265]

:tex2html_wrap_inline2506:lthtmlCropMarkHeight:=15.86691pt

:tex2html_wrap_inline2506:lthtmlCropMarkDepth:=4.33258pt:1ex:=4.71457pt
[266]

:tex2html_wrap_inline2508:lthtmlCropMarkHeight:=15.86691pt

:tex2html_wrap_inline2508:lthtmlCropMarkDepth:=4.33258pt:1ex:=4.71457pt
[267]

:tex2html_wrap_inline2510:lthtmlCropMarkHeight:=15.86691pt

:tex2html_wrap_inline2510:lthtmlCropMarkDepth:=4.33258pt:1ex:=4.71457pt
[268]

:tex2html_wrap_indisplay2519:lthtmlCropMarkHeight:=23.66225pt

:tex2html_wrap_indisplay2519:lthtmlCropMarkDepth:=9.20616pt:1ex:=4.71457pt
[269]

:tex2html_wrap_indisplay2520:lthtmlCropMarkHeight:=21.0119pt

:tex2html_wrap_indisplay2520:lthtmlCropMarkDepth:=9.64032pt:1ex:=4.71457pt
[270]

:tex2html_wrap_indisplay2521:lthtmlCropMarkHeight:=21.0119pt

:tex2html_wrap_indisplay2521:lthtmlCropMarkDepth:=7.51115pt:1ex:=4.71457pt
[271]

:tex2html_wrap_indisplay2522:lthtmlCropMarkHeight:=6.0pt

:tex2html_wrap_indisplay2522:lthtmlCropMarkDepth:=0.0pt:1ex:=4.71457pt
[272]

:tex2html_wrap_indisplay2523:lthtmlCropMarkHeight:=13.60416pt

:tex2html_wrap_indisplay2523:lthtmlCropMarkDepth:=0.9125pt:1ex:=4.71457pt
[273]

:tex2html_wrap_indisplay2524:lthtmlCropMarkHeight:=21.18205pt

:tex2html_wrap_indisplay2524:lthtmlCropMarkDepth:=11.14894pt:1ex:=4.71457pt
[274]

:tex2html_wrap_indisplay2525:lthtmlCropMarkHeight:=21.18205pt

:tex2html_wrap_indisplay2525:lthtmlCropMarkDepth:=11.14894pt:1ex:=4.71457pt
[275]

:tex2html_wrap_indisplay2526:lthtmlCropMarkHeight:=21.52231pt

:tex2html_wrap_indisplay2526:lthtmlCropMarkDepth:=14.25061pt:1ex:=4.71457pt
[276]

:tex2html_wrap_indisplay2527:lthtmlCropMarkHeight:=21.0119pt

:tex2html_wrap_indisplay2527:lthtmlCropMarkDepth:=7.51115pt:1ex:=4.71457pt
[277]

:tex2html_wrap_indisplay2528:lthtmlCropMarkHeight:=21.0119pt

:tex2html_wrap_indisplay2528:lthtmlCropMarkDepth:=7.51115pt:1ex:=4.71457pt
[278]

:tex2html_wrap_indisplay2529:lthtmlCropMarkHeight:=21.0119pt

:tex2html_wrap_indisplay2529:lthtmlCropMarkDepth:=7.51115pt:1ex:=4.71457pt
[279]

:tex2html_wrap_indisplay2530:lthtmlCropMarkHeight:=24.4119pt

:tex2html_wrap_indisplay2530:lthtmlCropMarkDepth:=13.04031pt:1ex:=4.71457pt
[280]

:tex2html_wrap_inline2533:lthtmlCropMarkHeight:=13.05666pt

:tex2html_wrap_inline2533:lthtmlCropMarkDepth:=0.0pt:1ex:=4.71457pt
[281]

:tex2html_wrap_inline2535:lthtmlCropMarkHeight:=14.2125pt

:tex2html_wrap_inline2535:lthtmlCropMarkDepth:=2.73749pt:1ex:=4.71457pt
[282]

:tex2html_wrap_inline2537:lthtmlCropMarkHeight:=11.9031pt

:tex2html_wrap_inline2537:lthtmlCropMarkDepth:=0.42812pt:1ex:=4.71457pt
[283]

:tex2html_wrap_inline2539:lthtmlCropMarkHeight:=15.12923pt

:tex2html_wrap_inline2539:lthtmlCropMarkDepth:=0.0pt:1ex:=4.71457pt
[284]

:tex2html_wrap_inline2541:lthtmlCropMarkHeight:=15.12923pt

:tex2html_wrap_inline2541:lthtmlCropMarkDepth:=0.0pt:1ex:=4.71457pt
[285]

:tex2html_wrap_indisplay2542:lthtmlCropMarkHeight:=15.35454pt

:tex2html_wrap_indisplay2542:lthtmlCropMarkDepth:=2.12917pt:1ex:=4.71457pt
[286]

:tex2html_wrap_indisplay2543:lthtmlCropMarkHeight:=13.60416pt

:tex2html_wrap_indisplay2543:lthtmlCropMarkDepth:=2.12917pt:1ex:=4.71457pt
[287]

:tex2html_wrap_indisplay2544:lthtmlCropMarkHeight:=13.60416pt

:tex2html_wrap_indisplay2544:lthtmlCropMarkDepth:=2.12917pt:1ex:=4.71457pt
[288]

:tex2html_wrap_indisplay2545:lthtmlCropMarkHeight:=13.60416pt

:tex2html_wrap_indisplay2545:lthtmlCropMarkDepth:=2.12917pt:1ex:=4.71457pt
[289]

:tex2html_wrap_indisplay2546:lthtmlCropMarkHeight:=21.0119pt

:tex2html_wrap_indisplay2546:lthtmlCropMarkDepth:=9.64032pt:1ex:=4.71457pt
[290]

:tex2html_wrap_indisplay2547:lthtmlCropMarkHeight:=22.53697pt

:tex2html_wrap_indisplay2547:lthtmlCropMarkDepth:=9.64032pt:1ex:=4.71457pt
[291]

:tex2html_wrap_indisplay2548:lthtmlCropMarkHeight:=15.67673pt

:tex2html_wrap_indisplay2548:lthtmlCropMarkDepth:=0.0pt:1ex:=4.71457pt
[292]

:tex2html_wrap_indisplay2550:lthtmlCropMarkHeight:=21.87761pt

:tex2html_wrap_indisplay2550:lthtmlCropMarkDepth:=16.0537pt:1ex:=4.71457pt
[293]

:tex2html_wrap_indisplay2551:lthtmlCropMarkHeight:=21.87761pt

:tex2html_wrap_indisplay2551:lthtmlCropMarkDepth:=16.0537pt:1ex:=4.71457pt
[294]

:tex2html_wrap_indisplay2552:lthtmlCropMarkHeight:=14.2125pt

:tex2html_wrap_indisplay2552:lthtmlCropMarkDepth:=2.73749pt:1ex:=4.71457pt
[295]

:tex2html_wrap_indisplay2553:lthtmlCropMarkHeight:=14.2125pt

:tex2html_wrap_indisplay2553:lthtmlCropMarkDepth:=2.73749pt:1ex:=4.71457pt
[296]

:tex2html_wrap_indisplay2554:lthtmlCropMarkHeight:=20.4644pt

:tex2html_wrap_indisplay2554:lthtmlCropMarkDepth:=7.51115pt:1ex:=4.71457pt
[297]

:tex2html_wrap_indisplay2555:lthtmlCropMarkHeight:=22.89317pt

:tex2html_wrap_indisplay2555:lthtmlCropMarkDepth:=10.76268pt:1ex:=4.71457pt
[298]

:tex2html_wrap_indisplay2556:lthtmlCropMarkHeight:=24.58205pt

:tex2html_wrap_indisplay2556:lthtmlCropMarkDepth:=14.16267pt:1ex:=4.71457pt
[299]

:tex2html_wrap_indisplay2557:lthtmlCropMarkHeight:=21.18205pt

:tex2html_wrap_indisplay2557:lthtmlCropMarkDepth:=10.76268pt:1ex:=4.71457pt
[300]

:tex2html_wrap_indisplay2558:lthtmlCropMarkHeight:=22.89317pt

:tex2html_wrap_indisplay2558:lthtmlCropMarkDepth:=9.9293pt:1ex:=4.71457pt
[301]

:tex2html_wrap_indisplay2559:lthtmlCropMarkHeight:=15.67673pt

:tex2html_wrap_indisplay2559:lthtmlCropMarkDepth:=2.12917pt:1ex:=4.71457pt
[302]

:tex2html_wrap_indisplay2560:lthtmlCropMarkHeight:=26.311pt

:tex2html_wrap_indisplay2560:lthtmlCropMarkDepth:=13.3293pt:1ex:=4.71457pt
[303]

:tex2html_wrap_inline2562:lthtmlCropMarkHeight:=14.763pt

:tex2html_wrap_inline2562:lthtmlCropMarkDepth:=2.62497pt:1ex:=4.71457pt
[304]

:tex2html_wrap_indisplay2563:lthtmlCropMarkHeight:=25.57074pt

:tex2html_wrap_indisplay2563:lthtmlCropMarkDepth:=14.16267pt:1ex:=4.71457pt
[305]

:tex2html_wrap_indisplay2564:lthtmlCropMarkHeight:=21.18205pt

:tex2html_wrap_indisplay2564:lthtmlCropMarkDepth:=10.76268pt:1ex:=4.71457pt
[306]

:tex2html_wrap_indisplay2565:lthtmlCropMarkHeight:=21.18205pt

:tex2html_wrap_indisplay2565:lthtmlCropMarkDepth:=10.76268pt:1ex:=4.71457pt
[307]

:tex2html_wrap_indisplay2566:lthtmlCropMarkHeight:=21.18205pt

:tex2html_wrap_indisplay2566:lthtmlCropMarkDepth:=10.76268pt:1ex:=4.71457pt
[308]

:tex2html_wrap_indisplay2567:lthtmlCropMarkHeight:=22.91101pt

:tex2html_wrap_indisplay2567:lthtmlCropMarkDepth:=9.80724pt:1ex:=4.71457pt
[309]

:tex2html_wrap_indisplay2568:lthtmlCropMarkHeight:=27.48204pt

:tex2html_wrap_indisplay2568:lthtmlCropMarkDepth:=14.16267pt:1ex:=4.71457pt
[310]

:tex2html_wrap_indisplay2569:lthtmlCropMarkHeight:=21.18205pt

:tex2html_wrap_indisplay2569:lthtmlCropMarkDepth:=10.76268pt:1ex:=4.71457pt
[311]

:tex2html_wrap_indisplay2570:lthtmlCropMarkHeight:=21.87761pt

:tex2html_wrap_indisplay2570:lthtmlCropMarkDepth:=10.40265pt:1ex:=4.71457pt
[312]

:tex2html_wrap_indisplay2571:lthtmlCropMarkHeight:=23.8665pt

:tex2html_wrap_indisplay2571:lthtmlCropMarkDepth:=10.40265pt:1ex:=4.71457pt
[313]

:tex2html_wrap_indisplay2572:lthtmlCropMarkHeight:=21.18205pt

:tex2html_wrap_indisplay2572:lthtmlCropMarkDepth:=10.76268pt:1ex:=4.71457pt
[314]

:tex2html_wrap_indisplay2573:lthtmlCropMarkHeight:=20.89023pt

:tex2html_wrap_indisplay2573:lthtmlCropMarkDepth:=7.51115pt:1ex:=4.71457pt
[315]

:tex2html_wrap_indisplay2574:lthtmlCropMarkHeight:=27.48204pt

:tex2html_wrap_indisplay2574:lthtmlCropMarkDepth:=14.16267pt:1ex:=4.71457pt
[316]

:tex2html_wrap_inline2576:lthtmlCropMarkHeight:=13.48248pt

:tex2html_wrap_inline2576:lthtmlCropMarkDepth:=0.0pt:1ex:=4.71457pt
[317]

:tex2html_wrap_indisplay2577:lthtmlCropMarkHeight:=27.5646pt

:tex2html_wrap_indisplay2577:lthtmlCropMarkDepth:=14.16267pt:1ex:=4.71457pt
[318]

:tex2html_wrap_inline2579:lthtmlCropMarkHeight:=13.22179pt

:tex2html_wrap_inline2579:lthtmlCropMarkDepth:=0.9125pt:1ex:=4.71457pt
[319] (./images.aux) ) 
Here is how much of TeX's memory you used:
 2291 strings out of 481239
 29558 string characters out of 5920378
 269214 words of memory out of 5000000
 17560 multiletter control sequences out of 15000+600000
 537437 words of font info for 45 fonts, out of 8000000 for 9000
 1141 hyphenation exceptions out of 8191
 30i,9n,37p,247b,119s stack positions out of 5000i,500n,10000p,200000b,80000s
</usr/share/texlive/texmf-dist/fonts/type1/public/bbold-t
ype1/bbold10.pfb></usr/share/texlive/texmf-dist/fonts/type1/public/amsfonts/cm/
cmbx10.pfb></usr/share/texlive/texmf-dist/fonts/type1/public/amsfonts/cm/cmbx8.
pfb></usr/share/texlive/texmf-dist/fonts/type1/public/amsfonts/cm/cmex10.pfb></
usr/share/texlive/texmf-dist/fonts/type1/public/amsfonts/cm/cmmi10.pfb></usr/sh
are/texlive/texmf-dist/fonts/type1/public/amsfonts/cm/cmmi6.pfb></usr/share/tex
live/texmf-dist/fonts/type1/public/amsfonts/cm/cmmi8.pfb></usr/share/texlive/te
xmf-dist/fonts/type1/public/amsfonts/cm/cmr10.pfb></usr/share/texlive/texmf-dis
t/fonts/type1/public/amsfonts/cm/cmr6.pfb></usr/share/texlive/texmf-dist/fonts/
type1/public/amsfonts/cm/cmr8.pfb></usr/share/texlive/texmf-dist/fonts/type1/pu
blic/amsfonts/cm/cmsy10.pfb></usr/share/texlive/texmf-dist/fonts/type1/public/a
msfonts/cm/cmsy6.pfb></usr/share/texlive/texmf-dist/fonts/type1/public/amsfonts
/cm/cmsy8.pfb></usr/share/texlive/texmf-dist/fonts/type1/public/esint-type1/esi
nt10.pfb>
Output written on images.pdf (319 pages, 259389 bytes).
PDF statistics:
 1090 PDF objects out of 1200 (max. 8388607)
 747 compressed objects within 8 object streams
 0 named destinations out of 1000 (max. 500000)
 1 words of extra memory for PDF output out of 10000 (max. 10000000)

